2014-08-20 14:11:56,178  INFO (com.beef.redisexport.RedisDataExportContext:59) - configDir:/Users/beef_in_jp/Documents/GitHubProjects/beef-liu/redis-data-export/src/redis-data-export/executable/conf
2014-08-20 14:11:56,230  INFO (com.beef.redisexport.RedisDataExportContext:71) - dbPool:jdbc:mysql://127.0.0.1/test user:test maxActive:20 maxIdle:5 maxWait:30000 autoCommit:false
2014-08-20 14:11:56,669  INFO (com.beef.redisexport.RedisDataExportContext:102) - jedisPool:127.0.0.1:6379 maxTotal:1024 maxIdle:10 maxWaitMillis:1000 softMinEvictableIdleTimeMillis:10000 testOnBorrow:false
2014-08-20 14:11:56,679  INFO (com.beef.redisexport.RedisDataIterator:56) - RedisDataIterator() start ---------
2014-08-20 14:11:57,725  INFO (com.beef.redisexport.RedisDataIterator:166) - scanKey() keyPattern:null cursor:0 taskNum:0
2014-08-20 14:11:57,733 DEBUG (com.beef.redisexport.RedisDataIterator:106) - task.run() taskNum:0 keyList.size:20
2014-08-20 14:11:57,734 DEBUG (com.beef.redisexport.handler.DefaultRedisDataExportHandler:12) - handleRedisKey() key:testkey9 keyType:list
2014-08-20 14:11:57,734 DEBUG (com.beef.redisexport.handler.DefaultRedisDataExportHandler:12) - handleRedisKey() key:testkey5 keyType:list
2014-08-20 14:11:57,734 DEBUG (com.beef.redisexport.handler.DefaultRedisDataExportHandler:12) - handleRedisKey() key:testlist keyType:list
2014-08-20 14:11:57,735 DEBUG (com.beef.redisexport.handler.DefaultRedisDataExportHandler:12) - handleRedisKey() key:testkey8 keyType:list
2014-08-20 14:11:57,735 DEBUG (com.beef.redisexport.handler.DefaultRedisDataExportHandler:12) - handleRedisKey() key:testkey11 keyType:list
2014-08-20 14:11:57,735 DEBUG (com.beef.redisexport.handler.DefaultRedisDataExportHandler:12) - handleRedisKey() key:testkey3 keyType:list
2014-08-20 14:11:57,736 DEBUG (com.beef.redisexport.handler.DefaultRedisDataExportHandler:12) - handleRedisKey() key:testkey2 keyType:list
2014-08-20 14:11:57,736 DEBUG (com.beef.redisexport.handler.DefaultRedisDataExportHandler:12) - handleRedisKey() key:testkey15 keyType:list
2014-08-20 14:11:57,736 DEBUG (com.beef.redisexport.handler.DefaultRedisDataExportHandler:12) - handleRedisKey() key:testkey6 keyType:list
2014-08-20 14:11:57,736 DEBUG (com.beef.redisexport.handler.DefaultRedisDataExportHandler:12) - handleRedisKey() key:testkey18 keyType:list
2014-08-20 14:11:57,739 DEBUG (com.beef.redisexport.handler.DefaultRedisDataExportHandler:12) - handleRedisKey() key:testkey10 keyType:list
2014-08-20 14:11:57,739 DEBUG (com.beef.redisexport.handler.DefaultRedisDataExportHandler:12) - handleRedisKey() key:testkey17 keyType:list
2014-08-20 14:11:57,739 DEBUG (com.beef.redisexport.handler.DefaultRedisDataExportHandler:12) - handleRedisKey() key:testkey16 keyType:list
2014-08-20 14:11:57,740 DEBUG (com.beef.redisexport.handler.DefaultRedisDataExportHandler:12) - handleRedisKey() key:testkey4 keyType:list
2014-08-20 14:11:57,740 DEBUG (com.beef.redisexport.handler.DefaultRedisDataExportHandler:12) - handleRedisKey() key:testkey0 keyType:list
2014-08-20 14:11:57,740 DEBUG (com.beef.redisexport.handler.DefaultRedisDataExportHandler:12) - handleRedisKey() key:testkey1 keyType:list
2014-08-20 14:11:57,741 DEBUG (com.beef.redisexport.handler.DefaultRedisDataExportHandler:12) - handleRedisKey() key:testkey13 keyType:list
2014-08-20 14:11:57,741 DEBUG (com.beef.redisexport.handler.DefaultRedisDataExportHandler:12) - handleRedisKey() key:testkey7 keyType:list
2014-08-20 14:11:57,741 DEBUG (com.beef.redisexport.handler.DefaultRedisDataExportHandler:12) - handleRedisKey() key:testkey14 keyType:list
2014-08-20 14:11:57,741 DEBUG (com.beef.redisexport.handler.DefaultRedisDataExportHandler:12) - handleRedisKey() key:testkey12 keyType:list
2014-08-20 14:12:56,451  INFO (com.beef.redisexport.RedisDataExportContext:59) - configDir:/Users/beef_in_jp/Documents/GitHubProjects/beef-liu/redis-data-export/src/redis-data-export/executable/conf
2014-08-20 14:12:56,518  INFO (com.beef.redisexport.RedisDataExportContext:71) - dbPool:jdbc:mysql://127.0.0.1/test user:test maxActive:20 maxIdle:5 maxWait:30000 autoCommit:false
2014-08-20 14:12:56,885  INFO (com.beef.redisexport.RedisDataExportContext:102) - jedisPool:127.0.0.1:6379 maxTotal:1024 maxIdle:10 maxWaitMillis:1000 softMinEvictableIdleTimeMillis:10000 testOnBorrow:false
2014-08-20 14:12:56,892  INFO (com.beef.redisexport.RedisDataIterator:56) - RedisDataIterator() start ---------
2014-08-20 14:12:57,937  INFO (com.beef.redisexport.RedisDataIterator:166) - scanKey() keyPattern:null cursor:0 taskNum:0
2014-08-20 14:12:57,945 DEBUG (com.beef.redisexport.RedisDataIterator:106) - task.run() taskNum:0 keyList.size:20
2014-08-20 14:12:57,945 DEBUG (com.beef.redisexport.handler.DefaultRedisDataExportHandler:12) - handleRedisKey() key:testkey9 keyType:list
2014-08-20 14:12:57,946 DEBUG (com.beef.redisexport.handler.DefaultRedisDataExportHandler:12) - handleRedisKey() key:testkey5 keyType:list
2014-08-20 14:12:57,946 DEBUG (com.beef.redisexport.handler.DefaultRedisDataExportHandler:12) - handleRedisKey() key:testlist keyType:list
2014-08-20 14:12:57,947 DEBUG (com.beef.redisexport.handler.DefaultRedisDataExportHandler:12) - handleRedisKey() key:testkey8 keyType:list
2014-08-20 14:12:57,947 DEBUG (com.beef.redisexport.handler.DefaultRedisDataExportHandler:12) - handleRedisKey() key:testkey11 keyType:list
2014-08-20 14:12:57,948 DEBUG (com.beef.redisexport.handler.DefaultRedisDataExportHandler:12) - handleRedisKey() key:testkey3 keyType:list
2014-08-20 14:12:57,948 DEBUG (com.beef.redisexport.handler.DefaultRedisDataExportHandler:12) - handleRedisKey() key:testkey2 keyType:list
2014-08-20 14:12:57,948 DEBUG (com.beef.redisexport.handler.DefaultRedisDataExportHandler:12) - handleRedisKey() key:testkey15 keyType:list
2014-08-20 14:12:57,949 DEBUG (com.beef.redisexport.handler.DefaultRedisDataExportHandler:12) - handleRedisKey() key:testkey6 keyType:list
2014-08-20 14:12:57,949 DEBUG (com.beef.redisexport.handler.DefaultRedisDataExportHandler:12) - handleRedisKey() key:testkey18 keyType:list
2014-08-20 14:12:57,952 DEBUG (com.beef.redisexport.handler.DefaultRedisDataExportHandler:12) - handleRedisKey() key:testkey10 keyType:list
2014-08-20 14:12:57,952 DEBUG (com.beef.redisexport.handler.DefaultRedisDataExportHandler:12) - handleRedisKey() key:testkey17 keyType:list
2014-08-20 14:12:57,953 DEBUG (com.beef.redisexport.handler.DefaultRedisDataExportHandler:12) - handleRedisKey() key:testkey16 keyType:list
2014-08-20 14:12:57,953 DEBUG (com.beef.redisexport.handler.DefaultRedisDataExportHandler:12) - handleRedisKey() key:testkey4 keyType:list
2014-08-20 14:12:57,953 DEBUG (com.beef.redisexport.handler.DefaultRedisDataExportHandler:12) - handleRedisKey() key:testkey0 keyType:list
2014-08-20 14:12:57,953 DEBUG (com.beef.redisexport.handler.DefaultRedisDataExportHandler:12) - handleRedisKey() key:testkey1 keyType:list
2014-08-20 14:12:57,954 DEBUG (com.beef.redisexport.handler.DefaultRedisDataExportHandler:12) - handleRedisKey() key:testkey13 keyType:list
2014-08-20 14:12:57,954 DEBUG (com.beef.redisexport.handler.DefaultRedisDataExportHandler:12) - handleRedisKey() key:testkey7 keyType:list
2014-08-20 14:12:57,954 DEBUG (com.beef.redisexport.handler.DefaultRedisDataExportHandler:12) - handleRedisKey() key:testkey14 keyType:list
2014-08-20 14:12:57,955 DEBUG (com.beef.redisexport.handler.DefaultRedisDataExportHandler:12) - handleRedisKey() key:testkey12 keyType:list
2014-08-20 14:13:27,241  INFO (com.beef.redisexport.RedisDataExportContext:59) - configDir:/Users/beef_in_jp/Documents/GitHubProjects/beef-liu/redis-data-export/src/redis-data-export/executable/conf
2014-08-20 14:13:27,287  INFO (com.beef.redisexport.RedisDataExportContext:71) - dbPool:jdbc:mysql://127.0.0.1/test user:test maxActive:20 maxIdle:5 maxWait:30000 autoCommit:false
2014-08-20 14:13:27,663  INFO (com.beef.redisexport.RedisDataExportContext:102) - jedisPool:127.0.0.1:6379 maxTotal:1024 maxIdle:10 maxWaitMillis:1000 softMinEvictableIdleTimeMillis:10000 testOnBorrow:false
2014-08-20 14:13:27,672  INFO (com.beef.redisexport.RedisDataIterator:56) - RedisDataIterator() start ---------
2014-08-20 14:13:28,726  INFO (com.beef.redisexport.RedisDataIterator:166) - scanKey() keyPattern:null cursor:0 taskNum:0
2014-08-20 14:13:28,733  INFO (com.beef.redisexport.RedisDataIterator:166) - scanKey() keyPattern:null cursor:12 taskNum:4
2014-08-20 14:13:28,733 DEBUG (com.beef.redisexport.RedisDataIterator:106) - task.run() taskNum:0 keyList.size:4
2014-08-20 14:13:28,734 DEBUG (com.beef.redisexport.RedisDataIterator:106) - task.run() taskNum:4 keyList.size:2
2014-08-20 14:13:28,734  INFO (com.beef.redisexport.RedisDataIterator:166) - scanKey() keyPattern:null cursor:2 taskNum:1
2014-08-20 14:13:28,735 DEBUG (com.beef.redisexport.handler.DefaultRedisDataExportHandler:12) - handleRedisKey() key:testkey9 keyType:list
2014-08-20 14:13:28,735  INFO (com.beef.redisexport.RedisDataIterator:166) - scanKey() keyPattern:null cursor:18 taskNum:3
2014-08-20 14:13:28,735 DEBUG (com.beef.redisexport.RedisDataIterator:106) - task.run() taskNum:1 keyList.size:2
2014-08-20 14:13:28,735 DEBUG (com.beef.redisexport.handler.DefaultRedisDataExportHandler:12) - handleRedisKey() key:testkey5 keyType:list
2014-08-20 14:13:28,735 DEBUG (com.beef.redisexport.handler.DefaultRedisDataExportHandler:12) - handleRedisKey() key:testkey11 keyType:list
2014-08-20 14:13:28,736 DEBUG (com.beef.redisexport.handler.DefaultRedisDataExportHandler:12) - handleRedisKey() key:testlist keyType:list
2014-08-20 14:13:28,736 DEBUG (com.beef.redisexport.handler.DefaultRedisDataExportHandler:12) - handleRedisKey() key:testkey3 keyType:list
2014-08-20 14:13:28,735 DEBUG (com.beef.redisexport.handler.DefaultRedisDataExportHandler:12) - handleRedisKey() key:testkey2 keyType:list
2014-08-20 14:13:28,735  INFO (com.beef.redisexport.RedisDataIterator:166) - scanKey() keyPattern:null cursor:6 taskNum:2
2014-08-20 14:13:28,738 DEBUG (com.beef.redisexport.handler.DefaultRedisDataExportHandler:12) - handleRedisKey() key:testkey15 keyType:list
2014-08-20 14:13:28,735 DEBUG (com.beef.redisexport.RedisDataIterator:106) - task.run() taskNum:3 keyList.size:2
2014-08-20 14:13:28,739  INFO (com.beef.redisexport.RedisDataIterator:166) - scanKey() keyPattern:null cursor:30 taskNum:1
2014-08-20 14:13:28,739 DEBUG (com.beef.redisexport.RedisDataIterator:106) - task.run() taskNum:2 keyList.size:2
2014-08-20 14:13:28,736 DEBUG (com.beef.redisexport.handler.DefaultRedisDataExportHandler:12) - handleRedisKey() key:testkey8 keyType:list
2014-08-20 14:13:28,739 DEBUG (com.beef.redisexport.handler.DefaultRedisDataExportHandler:12) - handleRedisKey() key:testkey10 keyType:list
2014-08-20 14:13:28,739  INFO (com.beef.redisexport.RedisDataIterator:166) - scanKey() keyPattern:null cursor:13 taskNum:4
2014-08-20 14:13:28,739 DEBUG (com.beef.redisexport.RedisDataIterator:106) - task.run() taskNum:1 keyList.size:3
2014-08-20 14:13:28,739 DEBUG (com.beef.redisexport.handler.DefaultRedisDataExportHandler:12) - handleRedisKey() key:testkey6 keyType:list
2014-08-20 14:13:28,740  INFO (com.beef.redisexport.RedisDataIterator:166) - scanKey() keyPattern:null cursor:11 taskNum:0
2014-08-20 14:13:28,740 DEBUG (com.beef.redisexport.RedisDataIterator:106) - task.run() taskNum:4 keyList.size:2
2014-08-20 14:13:28,740 DEBUG (com.beef.redisexport.handler.DefaultRedisDataExportHandler:12) - handleRedisKey() key:testkey17 keyType:list
2014-08-20 14:13:28,741 DEBUG (com.beef.redisexport.RedisDataIterator:106) - task.run() taskNum:0 keyList.size:2
2014-08-20 14:13:28,740 DEBUG (com.beef.redisexport.handler.DefaultRedisDataExportHandler:12) - handleRedisKey() key:testkey1 keyType:list
2014-08-20 14:13:28,741 DEBUG (com.beef.redisexport.handler.DefaultRedisDataExportHandler:12) - handleRedisKey() key:testkey7 keyType:list
2014-08-20 14:13:28,740 DEBUG (com.beef.redisexport.handler.DefaultRedisDataExportHandler:12) - handleRedisKey() key:testkey18 keyType:list
2014-08-20 14:13:28,740 DEBUG (com.beef.redisexport.handler.DefaultRedisDataExportHandler:12) - handleRedisKey() key:testkey16 keyType:list
2014-08-20 14:13:28,741 DEBUG (com.beef.redisexport.handler.DefaultRedisDataExportHandler:12) - handleRedisKey() key:testkey14 keyType:list
2014-08-20 14:13:28,741 DEBUG (com.beef.redisexport.handler.DefaultRedisDataExportHandler:12) - handleRedisKey() key:testkey4 keyType:list
2014-08-20 14:13:28,741 DEBUG (com.beef.redisexport.handler.DefaultRedisDataExportHandler:12) - handleRedisKey() key:testkey13 keyType:list
2014-08-20 14:13:28,742 DEBUG (com.beef.redisexport.handler.DefaultRedisDataExportHandler:12) - handleRedisKey() key:testkey0 keyType:list
2014-08-20 14:13:28,741  INFO (com.beef.redisexport.RedisDataIterator:166) - scanKey() keyPattern:null cursor:23 taskNum:2
2014-08-20 14:13:28,742 DEBUG (com.beef.redisexport.RedisDataIterator:106) - task.run() taskNum:2 keyList.size:1
2014-08-20 14:13:28,743 DEBUG (com.beef.redisexport.handler.DefaultRedisDataExportHandler:12) - handleRedisKey() key:testkey12 keyType:list
